JvmtiExport can_access_local_variables 0
JvmtiExport can_hotswap_or_post_breakpoint 0
JvmtiExport can_post_on_exceptions 0
# 126 ciObject found
instanceKlass java/awt/font/TextHitInfo
instanceKlass sun/awt/windows/WInputMethod$1
instanceKlass com/mathworks/hg/uij/TextBoundsRequestHandler$TextExtentsRunnable
instanceKlass com/mathworks/hg/uij/TextBoundsRequestHandler
instanceKlass com/mathworks/mlwidgets/explorer/model/FileDecorationModel$2$1
instanceKlass com/mathworks/mlwidgets/explorer/model/FileDecorationModel$3$1
instanceKlass com/mathworks/mlwidgets/explorer/model/FileDecorationModel$3
instanceKlass com/mathworks/mde/liveeditor/LiveEditorClient$$Lambda$53
instanceKlass com/mathworks/system/editor/toolstrip/SystemLiveEditorToolstripTabContributor$Listeners$2$1
instanceKlass com/mathworks/cmlink/implementations/git/ExternalEditManagingGitAdapter$11
instanceKlass com/jidesoft/grid/SummaryProvider
instanceKlass com/jidesoft/grid/ColumnDraggableSupport
instanceKlass com/mathworks/cmlink/util/decoration/CMAdapterRepetitiveDecorator$19
instanceKlass com/jidesoft/grid/GroupModelProvider
instanceKlass com/jidesoft/grid/ColumnTableModelWrapper
instanceKlass com/mathworks/cmlink/management/queue/CMAdapterQueued$3
instanceKlass com/mathworks/cmlink/management/cache/AsynchronousCmStatusCache$CachePollingFileSystemListener$1$1
instanceKlass com/mathworks/cmlink/management/cache/transaction/FileListCacheTransaction
instanceKlass com/mathworks/cmlink/management/cache/transaction/CacheTransactionGenerator$2$2
instanceKlass com/mathworks/cmlink/management/cache/transaction/CacheTransactionGenerator$2$1
instanceKlass com/mathworks/cmlink/management/cache/AsynchronousCmStatusCache$CachePollingFileSystemListener$1
instanceKlass com/mathworks/cmlink/management/cache/transaction/CacheTransactionGenerator$2
instanceKlass com/mathworks/util/PollingChangeNotification
instanceKlass com/mathworks/mde/editor/MatlabEditorApplication$13$1
instanceKlass com/mathworks/cmlink/management/cache/AsynchronousCmStatusCache$2
instanceKlass com/mathworks/cmlink/management/cache/AsynchronousCmStatusCache$CacheFileSystemListener$1
instanceKlass com/mathworks/mde/editor/MFilePathUtil
instanceKlass com/mathworks/mde/editor/plugins/matlab/MatlabBreakpointMessageService$9
instanceKlass com/mathworks/mde/editor/MatlabEditorApplication$12$2
instanceKlass com/mathworks/mde/editor/plugins/matlab/MatlabBreakpointFileService$1$1
instanceKlass com/mathworks/mde/liveeditor/widget/rtc/export/FileUtils
instanceKlass com/mathworks/widgets/datamodel/AbstractFileBackingStore$DialogInteractionModel
instanceKlass com/mathworks/widgets/editor/LiveCodeUtils
instanceKlass com/mathworks/mde/liveeditor/LiveEditorClient$53
instanceKlass com/mathworks/toolbox/matlab/matlabwindowjava/handler/CefKeyEventUtils
instanceKlass com/mathworks/toolbox/matlab/matlabwindowjava/handler/CefKeyEventAdapter$1
instanceKlass com/mathworks/toolbox/matlab/matlabwindowjava/handler/CefKeyEventAdapter
instanceKlass com/mathworks/mde/liveeditor/LiveEditorToolSetFactory$7$1
instanceKlass com/mathworks/mde/liveeditor/LiveEditorClient$50$1
instanceKlass org/cef/misc/BoolRef
instanceKlass org/cef/handler/CefKeyboardHandler$CefKeyEvent
instanceKlass sun/misc/FormattedFloatingDecimal$2
instanceKlass sun/misc/FormattedFloatingDecimal
instanceKlass com/mathworks/widgets/spreadsheet/format/PrintMat$ScalarFormatPair
instanceKlass com/mathworks/widgets/spreadsheet/format/PrintMat$1
instanceKlass com/mathworks/widgets/spreadsheet/format/PrintMat
instanceKlass com/mathworks/widgets/spreadsheet/format/FormatUtils
instanceKlass com/mathworks/hg/peer/CommandRunnable
instanceKlass com/mathworks/widgets/recordlist/RecordlistTableModel$CellUpdater
instanceKlass com/mathworks/mde/editor/MatlabBatchedBusyIdleStateManager$3
instanceKlass com/mathworks/mlwidgets/workspace/WorkspaceCommands$ActionLogProcessor
instanceKlass com/mathworks/mlwidgets/workspace/FetchedValueBuffer$FVBUpdater
instanceKlass com/mathworks/mlwidgets/workspace/FetchedValueBuffer$ModelUpdateRunnable
instanceKlass com/mathworks/mde/cmdhist/AltHistoryCollection$AllSaver$1
instanceKlass com/mathworks/widgets/desk/Desktop$53
instanceKlass com/mathworks/mde/cmdhist/AltHistoryCollection$AllSaver
instanceKlass com/mathworks/mde/cmdwin/CmdWinMLIF$1
instanceKlass com/mathworks/mde/cmdwin/CmdWinDocumentUtilities
instanceKlass com/mathworks/mde/cmdwin/CmdWinDocument$4
instanceKlass com/mathworks/mde/cmdwin/CmdWinDocument$AnnotatedInfo
instanceKlass com/mathworks/mde/cmdwin/CmdWinDocument$SpecialCharacter
instanceKlass com/mathworks/mde/cmdhist/AltHistory$4
instanceKlass com/mathworks/jmi/AWTUtilities$MatlabWait
instanceKlass com/mathworks/mde/cmdwin/CmdWinDocument$FlushRunnable
instanceKlass com/mathworks/mde/functionhints/FunctionHints$PopupTimer$1
instanceKlass com/mathworks/mde/cmdwin/CmdWinEditorKit$CurrentMCode
instanceKlass com/mathworks/mwswing/datatransfer/MJTransferable$CompoundTransferable
instanceKlass com/mathworks/mwswing/datatransfer/MJTransferable
instanceKlass sun/awt/datatransfer/ClipboardTransferable$DataFactory
instanceKlass sun/awt/datatransfer/ClipboardTransferable
instanceKlass com/mathworks/mwswing/datatransfer/MJClipboard$PrivateClipboardOwner
instanceKlass com/mathworks/mwswing/datatransfer/MJClipboard
instanceKlass com/mathworks/mwswing/binding/InputMapUtils
instanceKlass com/mathworks/mwswing/binding/KeySequenceDispatcher$BindingData
instanceKlass javax/swing/JComponent$IntVector
instanceKlass javax/swing/JComponent$KeyboardState
instanceKlass java/awt/KeyboardFocusManager$5
instanceKlass com/mathworks/mde/cmdwin/XCaret$3
instanceKlass com/mathworks/mde/cmdwin/XCaret$1
instanceKlass com/mathworks/toolbox/matlab/matlabwindowjava/CEFBrowserFocusManager$3
instanceKlass com/mathworks/mde/editor/plugins/editordataservice/ControlCFeature$1
instanceKlass com/mathworks/mde/editor/plugins/editordataservice/ControlCFeatureProvider
instanceKlass com/mathworks/hg/util/DisplayChangeManager
instanceKlass com/mathworks/hg/util/GraphicsDeviceUtilities
instanceKlass com/mathworks/hg/peer/JOGLEventListener
instanceKlass com/jogamp/opengl/util/TileRendererBase$TileRendererListener
instanceKlass jogamp/opengl/GLDrawableHelper$1
instanceKlass com/jogamp/opengl/awt/GLJPanel$12
instanceKlass com/jogamp/opengl/awt/GLJPanel$11
instanceKlass com/jogamp/opengl/awt/GLJPanel$10
instanceKlass com/jogamp/opengl/awt/GLJPanel$9
instanceKlass com/jogamp/opengl/awt/GLJPanel$8
instanceKlass com/jogamp/opengl/awt/GLJPanel$6
instanceKlass com/jogamp/opengl/awt/GLJPanel$5
instanceKlass com/jogamp/opengl/awt/GLJPanel$4
instanceKlass com/jogamp/opengl/awt/GLJPanel$2
instanceKlass com/jogamp/nativewindow/awt/AWTWindowClosingProtocol
instanceKlass com/jogamp/opengl/awt/GLJPanel$1
instanceKlass com/mathworks/hg/peer/HGCanvasPeer$Scale
instanceKlass com/mathworks/hg/peer/HGCanvasPeer$Size
instanceKlass jogamp/opengl/awt/AWTTilePainter
instanceKlass jogamp/opengl/GLDrawableHelper
instanceKlass com/jogamp/opengl/GLRunnable
instanceKlass com/jogamp/opengl/GLAnimatorControl
instanceKlass com/jogamp/opengl/FPSCounter
instanceKlass com/jogamp/opengl/util/awt/AWTGLPixelBuffer$AWTGLPixelBufferProvider
instanceKlass com/jogamp/opengl/util/GLPixelBuffer$SingletonGLPixelBufferProvider
instanceKlass com/jogamp/opengl/util/GLPixelBuffer$GLPixelBufferProvider
instanceKlass com/jogamp/opengl/awt/GLJPanel$Updater
instanceKlass com/jogamp/opengl/GLCapabilitiesChooser
instanceKlass com/jogamp/opengl/awt/GLJPanel$Backend
instanceKlass com/jogamp/opengl/GLEventListener
instanceKlass com/mathworks/hg/peer/OpenGLWrapper$OpenGLEventListener
instanceKlass com/mathworks/hg/peer/GLCanvasPeerFactory
instanceKlass com/mathworks/hg/peer/GraphicsPeersUtilities$PairOfPeers
instanceKlass com/mathworks/hg/peer/GraphicsPeer$1
instanceKlass com/mathworks/hg/peer/CanvasPeerMouseListener
instanceKlass com/mathworks/hg/peer/HGCanvasComponentPeer
instanceKlass com/mathworks/hg/print/Exportable
instanceKlass com/mathworks/hg/peer/HGCanvasPeer
instanceKlass com/mathworks/hg/peer/GraphicsPeer
instanceKlass com/mathworks/hg/peer/SceneServerInterface
instanceKlass com/mathworks/hg/peer/CommandTarget
instanceKlass com/mathworks/hg/peer/GraphicsEventHandler
instanceKlass com/mathworks/hg/peer/GraphicsPeersUtilities
instanceKlass com/mathworks/hg/peer/WindowRectHandlerImpl$MarginHelper
instanceKlass com/mathworks/hg/peer/FigureInsetsUtilities
instanceKlass com/mathworks/hg/util/HGPeerQueue
instanceKlass com/mathworks/jmi/bean/BeanFinalizeNotifier
instanceKlass com/mathworks/jmi/bean/ClassInfoServer
instanceKlass com/mathworks/util/MutableInt
instanceKlass com/mathworks/jmi/bean/MatlabBeanInterface
instanceKlass javax/swing/OverlayLayout
instanceKlass com/mathworks/hg/peer/HeavyweightLightweightContainerFactory$UIPanelHost
instanceKlass com/mathworks/hg/peer/HeavyweightLightweightContainerFactory$UIComponentHost
instanceKlass com/mathworks/hg/peer/FigureComponentContainerProxy$ComponentContainerPropertyChangeListener
instanceKlass com/mathworks/hg/peer/FigureComponentProxy$FigureKeyEventDispatcher
instanceKlass com/mathworks/hg/util/FocusTraversalUtilities
instanceKlass com/mathworks/hg/peer/HeavyweightLightweightContainerFactory
instanceKlass com/mathworks/hg/peer/HeavyweightLightweightContainerFactory$PrintableContainerUtility
instanceKlass com/sun/awt/AWTUtilities
instanceKlass com/mathworks/hg/peer/TransparentPanelUtilities
instanceKlass com/mathworks/hg/print/HGOutputFlags
instanceKlass com/mathworks/hg/peer/FigureClientProxy$FigureDTClientBase$1
instanceKlass com/mathworks/hg/peer/NoBlockOnResizeAndWindowStyleChangeState
instanceKlass com/mathworks/hg/peer/PositionHandler
instanceKlass com/mathworks/hg/peer/FigurePositionableProxy
instanceKlass com/mathworks/hg/peer/UIComponentManager
instanceKlass com/mathworks/hg/peer/FigureKeyListener
instanceKlass com/mathworks/hg/peer/FigureClientProxy$ShowEnabledHandler$1
instanceKlass com/mathworks/hg/peer/IPositionable
instanceKlass com/mathworks/hg/peer/FigurePeer$2
instanceKlass com/mathworks/hg/peer/WindowRectHandlerImpl$LocationSizeSetHandler
instanceKlass com/mathworks/hg/peer/WindowRectHandlerImpl$FigureAttributesChanging
instanceKlass com/mathworks/hg/peer/WindowRectHandlerImpl
instanceKlass com/mathworks/hg/peer/FigureWindowActiveState
instanceKlass com/mathworks/hg/peer/BlockedOnPositionState
instanceKlass com/mathworks/hg/peer/FigureHG2Client
instanceKlass com/mathworks/hg/peer/FigureClient
instanceKlass sun/font/AttributeValues$1
instanceKlass com/mathworks/hg/util/FontNameTranslator$FontNameTable
instanceKlass com/mathworks/hg/util/FontNameTranslator
instanceKlass com/mathworks/hg/util/FontConverter
instanceKlass com/mathworks/hg/uij/TextRasterizer
instanceKlass com/mathworks/hg/uij/CharacterSizeCalcProxy$1
instanceKlass com/mathworks/hg/uij/CharacterSizeCalcProxy
instanceKlass com/mathworks/mde/editor/EditorToolSetFactory$7$1
instanceKlass com/mathworks/mde/editor/debug/EditorToolstripRefreshManager$BusyIdleListener$1
instanceKlass com/mathworks/mde/editor/EditorPauseAction$3$1
instanceKlass com/mathworks/mde/cmdwin/CmdWinMLIF$5$1
instanceKlass com/mathworks/mde/cmdwin/XCaret$4
instanceKlass ca/odell/glazedlists/impl/event/BlockSequence$Iterator
instanceKlass com/mathworks/mlwidgets/dialog/PathChange$2
instanceKlass com/mathworks/mde/cmdwin/CmdWinMLIF$5
instanceKlass com/mathworks/path_api/PathUtils
instanceKlass com/mathworks/mlwidgets/dialog/PathChange$PathUpdateCallback
instanceKlass sun/awt/SunToolkit$1
instanceKlass java/awt/KeyboardFocusManager$2
instanceKlass com/sun/java/swing/plaf/windows/AnimationController$1
instanceKlass sun/awt/ModalExclude
instanceKlass com/sun/java/swing/plaf/windows/AnimationController$AnimationState
instanceKlass java/awt/WaitDispatchSupport$4
instanceKlass java/awt/WaitDispatchSupport$2
instanceKlass java/awt/WaitDispatchSupport$1
instanceKlass java/awt/WaitDispatchSupport$5
instanceKlass java/awt/WaitDispatchSupport
instanceKlass java/awt/SecondaryLoop
instanceKlass java/awt/Dialog$3
instanceKlass java/awt/Dialog$1
instanceKlass java/awt/ModalEventFilter$1
instanceKlass sun/awt/util/IdentityLinkedList$ListItr
instanceKlass java/awt/Dialog$4
instanceKlass sun/awt/util/IdentityLinkedList$Entry
instanceKlass com/mathworks/mwswing/MJOptionPane$2
instanceKlass com/mathworks/